<?xml version="1.0" encoding="utf-8"?>
<TestRun id="5dde3213-b01e-4502-a2db-fcef5f9125ed" name="lucas.luna@PLTN-TI05 2026-03-23 15:48:35" runUser="PLT\lucas.luna" xmlns="http://microsoft.com/schemas/VisualStudio/TeamTest/2010">
  <Times creation="2026-03-23T15:48:35.6726786-03:00" queuing="2026-03-23T15:48:35.6726791-03:00" start="2026-03-23T15:48:34.6365106-03:00" finish="2026-03-23T15:48:35.6873082-03:00" />
  <TestSettings name="default" id="1ab49e9b-3cb6-4305-9dda-72e4b71de0fa">
    <Deployment runDeploymentRoot="lucas.luna_PLTN-TI05_2026-03-23_15_48_35" />
  </TestSettings>
  <Results>
    <UnitTestResult executionId="a82591b8-d0d5-4641-bc55-0fe507068933" testId="ab9815ba-c226-e8b0-9e54-d3bb6649a5a2" testName="Infrastructure.Tests.NonceStoreTests.NonceBaseline_TtlAndSingleUse_ShouldHoldAcrossReplayAndExpiry" computerName="PLTN-TI05" duration="00:00:00.0124512" startTime="2026-03-23T15:48:35.4564636-03:00" endTime="2026-03-23T15:48:35.4781219-03:00" testType="13cdc9d9-ddb5-4fa4-a97d-d965ccfc6d4b" outcome="Passed" testListId="8c84fa94-04c1-424b-9868-57a2d4851a1d" relativeResultsDirectory="a82591b8-d0d5-4641-bc55-0fe507068933" />
  </Results>
  <TestDefinitions>
    <UnitTest name="Infrastructure.Tests.NonceStoreTests.NonceBaseline_TtlAndSingleUse_ShouldHoldAcrossReplayAndExpiry" storage="c:\users\lucas.luna\riderprojects\webapplication1\tests\infrastructure.tests\bin\release\net10.0\infrastructure.tests.dll" id="ab9815ba-c226-e8b0-9e54-d3bb6649a5a2">
      <Execution id="a82591b8-d0d5-4641-bc55-0fe507068933" />
      <TestMethod codeBase="C:\Users\lucas.luna\RiderProjects\WebApplication1\tests\Infrastructure.Tests\bin\Release\net10.0\Infrastructure.Tests.dll" adapterTypeName="executor://xunit/VsTestRunner3/netcore/" className="Infrastructure.Tests.NonceStoreTests" name="NonceBaseline_TtlAndSingleUse_ShouldHoldAcrossReplayAndExpiry" />
    </UnitTest>
  </TestDefinitions>
  <TestEntries>
    <TestEntry testId="ab9815ba-c226-e8b0-9e54-d3bb6649a5a2" executionId="a82591b8-d0d5-4641-bc55-0fe507068933" testListId="8c84fa94-04c1-424b-9868-57a2d4851a1d" />
  </TestEntries>
  <TestLists>
    <TestList name="Resultados que não estão em uma lista" id="8c84fa94-04c1-424b-9868-57a2d4851a1d" />
    <TestList name="Todos os resultados carregados" id="19431567-8539-422a-85d7-44ee4e166bda" />
  </TestLists>
  <ResultSummary outcome="Completed">
    <Counters total="1" executed="1" passed="1" failed="0" error="0" timeout="0" aborted="0" inconclusive="0" passedButRunAborted="0" notRunnable="0" notExecuted="0" disconnected="0" warning="0" completed="0" inProgress="0" pending="0" />
    <Output>
      <StdOut>[xUnit.net 00:00:00.00] xUnit.net VSTest Adapter v3.1.5+1b188a7b0a (64-bit .NET 10.0.5)&#xD;
[xUnit.net 00:00:00.11]   Discovering: Infrastructure.Tests&#xD;
[xUnit.net 00:00:00.18]   Discovered:  Infrastructure.Tests&#xD;
[xUnit.net 00:00:00.21]   Starting:    Infrastructure.Tests&#xD;
[xUnit.net 00:00:00.28]   Finished:    Infrastructure.Tests&#xD;
</StdOut>
    </Output>
  </ResultSummary>
</TestRun>